<?xml version="1.0" encoding="UTF-8"?>
<testsuite name="PDFReplicator.AppTest" tests="1" skipped="0" failures="0" errors="0" timestamp="2022-07-03T10:13:47" hostname="Ghanithans-MacBook-Pro.local" time="1.859">
  <properties/>
  <testcase name="appHasAGreeting" classname="PDFReplicator.AppTest" time="1.859"/>
  <system-out><![CDATA[]]></system-out>
  <system-err><![CDATA[]]></system-err>
</testsuite>
